<?xml version="1.0" encoding="UTF-8"?>
<testExecutions version="1">
  <file path="D:\projects\Commercial\Horondi\horondi_client_fe\src\redux\products\tests\products.saga.test.js">
  </file>
</testExecutions>